<?xml version="1.0" encoding="UTF-8"?>
<testng-results skipped="0" failed="0" total="1" passed="1">
  <reporter-output>
  </reporter-output>
  <suite name="Default suite" duration-ms="63327" started-at="2019-09-04T09:28:01Z" finished-at="2019-09-04T09:29:04Z">
    <groups>
    </groups>
    <test name="Default test" duration-ms="63327" started-at="2019-09-04T09:28:01Z" finished-at="2019-09-04T09:29:04Z">
      <class name="gitTest.GitTest">
        <test-method status="PASS" signature="loginTest()[pri:0, instance:gitTest.GitTest@47f37ef1]" name="loginTest" duration-ms="63270" started-at="2019-09-04T14:58:01Z" finished-at="2019-09-04T14:59:04Z">
          <reporter-output>
          </reporter-output>
        </test-method> <!-- loginTest -->
      </class> <!-- gitTest.GitTest -->
    </test> <!-- Default test -->
  </suite> <!-- Default suite -->
</testng-results>
